2015-05-03 16:21:17.568 DEBUG main Utils:30 - classpah: [C:\bbb\raptor\io\target\classes;C:\bbb\raptor\common\target\test-classes;C:\bbb\raptor\common\target\classes;C:\Users\name\.m2\repository\junit\junit\3.8.1\junit-3.8.1.jar;C:\Users\name\.m2\repository\log4j\log4j\1.2.17\log4j-1.2.17.jar;C:\Users\name\.m2\repository\com\pi4j\pi4j-core\0.0.5\pi4j-core-0.0.5.jar]
2015-05-03 16:21:17.572 DEBUG main Utils:31 - fname: io.properties
2015-05-03 16:21:17.572 DEBUG main Utils:32 - caller: com.cobinrox.io.impl.MotorProps@2937d090
2015-05-03 16:21:17.572 DEBUG main Utils:33 - caller.getClass(): class com.cobinrox.io.impl.MotorProps
2015-05-03 16:21:17.576 DEBUG main Utils:36 - caller.getClass().getClassLoader().getResourceAsStream(fname):java.io.BufferedInputStream@30296f76
2015-05-03 16:21:17.577 INFO  main Utils:45 - Reading from resource [io.properties] [/C:/bbb/raptor/io/target/classes/io.properties]
2015-05-03 16:21:17.578 INFO  main MotorProps:51 - Simulate PI: [true]
2015-05-03 16:21:17.578 INFO  main MotorProps:54 - Use gpio lib: [wiring_pi]
2015-05-03 16:21:17.578 INFO  main MotorProps:57 - Num motors: [2]
2015-05-03 16:21:17.579 INFO  main MotorProps:60 - Motor config: [wheel_chair]
2015-05-03 16:21:17.579 INFO  main MotorProps:66 - Pins to use: (f/b/l/r) [7/0/1/3]
2015-05-03 16:21:17.579 INFO  main MotorProps:80 - Duty cycle: (hi/lo) [100/0]
2015-05-03 16:21:17.579 INFO  main MotorProps:81 - Cmd time: [500]
2015-05-03 16:21:17.580 INFO  main DoMotorCmd:67 - ***************************
2015-05-03 16:21:17.580 INFO  main DoMotorCmd:68 -      W A R N I N G   ! !  *
2015-05-03 16:21:17.580 INFO  main DoMotorCmd:69 -                           *
2015-05-03 16:21:17.583 INFO  main DoMotorCmd:70 -  Simulating GPIO Pins !!  *
2015-05-03 16:21:17.583 INFO  main DoMotorCmd:71 -                           *
2015-05-03 16:21:17.583 INFO  main DoMotorCmd:72 - ***************************
2015-05-03 16:21:17.609 INFO  main WiringPiMotorControl:20 - Initializing pins to OUTPUT MODE
2015-05-03 16:21:17.610 INFO  main WiringPiMotorControl:36 - Simulating setting pins to OUTPUT MODE
2015-05-03 16:21:35.300 INFO  main WheelChairMotorControl:84 - About to move [forward/left]...
2015-05-03 16:21:35.324 INFO  main WheelChairMotorControl:130 - ......................lrState/processing
2015-05-03 16:21:35.325 INFO  FWD_THREAD WheelChairMotorControl:154 -      Pulsing, need [5] pulses across [500] ms ...
2015-05-03 16:21:35.325 INFO  FWD_THREAD WheelChairMotorControl:158 -      turning on for [100]ms...
2015-05-03 16:21:35.326 INFO  FWD_THREAD WiringPiMotorControl:49 -           low level move [forward] [null]SIMULATED...
2015-05-03 16:21:35.326 INFO  FWD_THREAD WiringPiMotorControl:69 -           gpio write 7 1 SIMULATED
2015-05-03 16:21:35.326 INFO  FWD_THREAD WiringPiMotorControl:71 -           ...end low level move
2015-05-03 16:21:35.327 INFO  LR_THREAD WheelChairMotorControl:154 -      Pulsing, need [5] pulses across [500] ms ...
2015-05-03 16:21:35.361 INFO  LR_THREAD WheelChairMotorControl:158 -      turning on for [100]ms...
2015-05-03 16:21:35.362 INFO  LR_THREAD WiringPiMotorControl:49 -           low level move [null] [left]SIMULATED...
2015-05-03 16:21:35.362 INFO  LR_THREAD WiringPiMotorControl:69 -           gpio write 1 1 SIMULATED
2015-05-03 16:21:35.362 INFO  LR_THREAD WiringPiMotorControl:71 -           ...end low level move
2015-05-03 16:21:35.462 INFO  LR_THREAD WheelChairMotorControl:158 -      turning on for [100]ms...
2015-05-03 16:21:35.462 INFO  LR_THREAD WiringPiMotorControl:49 -           low level move [null] [left]SIMULATED...
2015-05-03 16:21:35.462 INFO  LR_THREAD WiringPiMotorControl:69 -           gpio write 1 1 SIMULATED
2015-05-03 16:21:35.462 INFO  LR_THREAD WiringPiMotorControl:71 -           ...end low level move
2015-05-03 16:21:35.463 INFO  FWD_THREAD WheelChairMotorControl:158 -      turning on for [100]ms...
2015-05-03 16:21:35.463 INFO  FWD_THREAD WiringPiMotorControl:49 -           low level move [forward] [null]SIMULATED...
2015-05-03 16:21:35.463 INFO  FWD_THREAD WiringPiMotorControl:69 -           gpio write 7 1 SIMULATED
2015-05-03 16:21:35.464 INFO  FWD_THREAD WiringPiMotorControl:71 -           ...end low level move
2015-05-03 16:21:35.525 INFO  main WheelChairMotorControl:130 - ......................lrState/processing
2015-05-03 16:21:35.563 INFO  LR_THREAD WheelChairMotorControl:158 -      turning on for [100]ms...
2015-05-03 16:21:35.567 INFO  LR_THREAD WiringPiMotorControl:49 -           low level move [null] [left]SIMULATED...
2015-05-03 16:21:35.567 INFO  LR_THREAD WiringPiMotorControl:69 -           gpio write 1 1 SIMULATED
2015-05-03 16:21:35.567 INFO  LR_THREAD WiringPiMotorControl:71 -           ...end low level move
2015-05-03 16:21:35.568 INFO  FWD_THREAD WheelChairMotorControl:158 -      turning on for [100]ms...
2015-05-03 16:21:35.568 INFO  FWD_THREAD WiringPiMotorControl:49 -           low level move [forward] [null]SIMULATED...
2015-05-03 16:21:35.568 INFO  FWD_THREAD WiringPiMotorControl:69 -           gpio write 7 1 SIMULATED
2015-05-03 16:21:35.568 INFO  FWD_THREAD WiringPiMotorControl:71 -           ...end low level move
2015-05-03 16:21:35.668 INFO  LR_THREAD WheelChairMotorControl:158 -      turning on for [100]ms...
2015-05-03 16:21:35.668 INFO  LR_THREAD WiringPiMotorControl:49 -           low level move [null] [left]SIMULATED...
2015-05-03 16:21:35.668 INFO  LR_THREAD WiringPiMotorControl:69 -           gpio write 1 1 SIMULATED
2015-05-03 16:21:35.668 INFO  LR_THREAD WiringPiMotorControl:71 -           ...end low level move
2015-05-03 16:21:35.669 INFO  FWD_THREAD WheelChairMotorControl:158 -      turning on for [100]ms...
2015-05-03 16:21:35.669 INFO  FWD_THREAD WiringPiMotorControl:49 -           low level move [forward] [null]SIMULATED...
2015-05-03 16:21:35.669 INFO  FWD_THREAD WiringPiMotorControl:69 -           gpio write 7 1 SIMULATED
2015-05-03 16:21:35.669 INFO  FWD_THREAD WiringPiMotorControl:71 -           ...end low level move
2015-05-03 16:21:35.725 INFO  main WheelChairMotorControl:130 - ......................lrState/processing
2015-05-03 16:21:35.769 INFO  LR_THREAD WheelChairMotorControl:158 -      turning on for [100]ms...
2015-05-03 16:21:35.769 INFO  LR_THREAD WiringPiMotorControl:49 -           low level move [null] [left]SIMULATED...
2015-05-03 16:21:35.769 INFO  LR_THREAD WiringPiMotorControl:69 -           gpio write 1 1 SIMULATED
2015-05-03 16:21:35.769 INFO  LR_THREAD WiringPiMotorControl:71 -           ...end low level move
2015-05-03 16:21:35.770 INFO  FWD_THREAD WheelChairMotorControl:158 -      turning on for [100]ms...
2015-05-03 16:21:35.770 INFO  FWD_THREAD WiringPiMotorControl:49 -           low level move [forward] [null]SIMULATED...
2015-05-03 16:21:35.770 INFO  FWD_THREAD WiringPiMotorControl:69 -           gpio write 7 1 SIMULATED
2015-05-03 16:21:35.770 INFO  FWD_THREAD WiringPiMotorControl:71 -           ...end low level move
2015-05-03 16:21:35.869 INFO  LR_THREAD WheelChairMotorControl:174 -      ...end pulsing; total time sending cmd: 542 ms
2015-05-03 16:21:35.870 INFO  FWD_THREAD WheelChairMotorControl:174 -      ...end pulsing; total time sending cmd: 545 ms
2015-05-03 16:21:35.925 INFO  main WiringPiMotorControl:103 -      Shutdown (brake) all pins...
2015-05-03 16:21:35.925 INFO  main WiringPiMotorControl:105 - gpio write 7 0 SIMULATED
2015-05-03 16:21:35.925 INFO  main WiringPiMotorControl:109 - stop 1430691695925 dur 0
2015-05-03 16:21:35.926 INFO  main WiringPiMotorControl:111 - gpio write 0 0 SIMULATED
2015-05-03 16:21:35.926 INFO  main WiringPiMotorControl:116 - gpio write 1 0 SIMULATED
2015-05-03 16:21:35.926 INFO  main WiringPiMotorControl:120 - gpio write 3 0 SIMULATED
2015-05-03 16:21:35.926 INFO  main WiringPiMotorControl:123 -      ...end shut down all pins
2015-05-03 16:21:35.926 INFO  main WheelChairMotorControl:139 - ...end move!
2015-05-03 16:22:36.277 INFO  main WheelChairMotorControl:84 - About to move [backward/right]...
2015-05-03 16:22:36.278 INFO  main WheelChairMotorControl:130 - ......................lrState/processing
2015-05-03 16:22:36.279 INFO  FWD_THREAD WheelChairMotorControl:154 -      Pulsing, need [5] pulses across [500] ms ...
2015-05-03 16:22:36.279 INFO  FWD_THREAD WheelChairMotorControl:158 -      turning on for [100]ms...
2015-05-03 16:22:36.279 INFO  FWD_THREAD WiringPiMotorControl:49 -           low level move [backward] [null]SIMULATED...
2015-05-03 16:22:36.281 INFO  FWD_THREAD WiringPiMotorControl:69 -           gpio write 0 1 SIMULATED
2015-05-03 16:22:36.281 INFO  FWD_THREAD WiringPiMotorControl:71 -           ...end low level move
2015-05-03 16:22:36.282 INFO  LR_THREAD WheelChairMotorControl:154 -      Pulsing, need [5] pulses across [500] ms ...
2015-05-03 16:22:36.282 INFO  LR_THREAD WheelChairMotorControl:158 -      turning on for [100]ms...
2015-05-03 16:22:36.283 INFO  LR_THREAD WiringPiMotorControl:49 -           low level move [null] [right]SIMULATED...
2015-05-03 16:22:36.283 INFO  LR_THREAD WiringPiMotorControl:69 -           gpio write 3 1 SIMULATED
2015-05-03 16:22:36.283 INFO  LR_THREAD WiringPiMotorControl:71 -           ...end low level move
2015-05-03 16:22:36.381 INFO  FWD_THREAD WheelChairMotorControl:158 -      turning on for [100]ms...
2015-05-03 16:22:36.381 INFO  FWD_THREAD WiringPiMotorControl:49 -           low level move [backward] [null]SIMULATED...
2015-05-03 16:22:36.382 INFO  FWD_THREAD WiringPiMotorControl:69 -           gpio write 0 1 SIMULATED
2015-05-03 16:22:36.382 INFO  FWD_THREAD WiringPiMotorControl:71 -           ...end low level move
2015-05-03 16:22:36.383 INFO  LR_THREAD WheelChairMotorControl:158 -      turning on for [100]ms...
2015-05-03 16:22:36.383 INFO  LR_THREAD WiringPiMotorControl:49 -           low level move [null] [right]SIMULATED...
2015-05-03 16:22:36.383 INFO  LR_THREAD WiringPiMotorControl:69 -           gpio write 3 1 SIMULATED
2015-05-03 16:22:36.383 INFO  LR_THREAD WiringPiMotorControl:71 -           ...end low level move
2015-05-03 16:22:36.478 INFO  main WheelChairMotorControl:130 - ......................lrState/processing
2015-05-03 16:22:36.482 INFO  FWD_THREAD WheelChairMotorControl:158 -      turning on for [100]ms...
2015-05-03 16:22:36.482 INFO  FWD_THREAD WiringPiMotorControl:49 -           low level move [backward] [null]SIMULATED...
2015-05-03 16:22:36.482 INFO  FWD_THREAD WiringPiMotorControl:69 -           gpio write 0 1 SIMULATED
2015-05-03 16:22:36.482 INFO  FWD_THREAD WiringPiMotorControl:71 -           ...end low level move
2015-05-03 16:22:36.483 INFO  LR_THREAD WheelChairMotorControl:158 -      turning on for [100]ms...
2015-05-03 16:22:36.483 INFO  LR_THREAD WiringPiMotorControl:49 -           low level move [null] [right]SIMULATED...
2015-05-03 16:22:36.483 INFO  LR_THREAD WiringPiMotorControl:69 -           gpio write 3 1 SIMULATED
2015-05-03 16:22:36.483 INFO  LR_THREAD WiringPiMotorControl:71 -           ...end low level move
2015-05-03 16:22:36.582 INFO  FWD_THREAD WheelChairMotorControl:158 -      turning on for [100]ms...
2015-05-03 16:22:36.582 INFO  FWD_THREAD WiringPiMotorControl:49 -           low level move [backward] [null]SIMULATED...
2015-05-03 16:22:36.582 INFO  FWD_THREAD WiringPiMotorControl:69 -           gpio write 0 1 SIMULATED
2015-05-03 16:22:36.582 INFO  FWD_THREAD WiringPiMotorControl:71 -           ...end low level move
2015-05-03 16:22:36.584 INFO  LR_THREAD WheelChairMotorControl:158 -      turning on for [100]ms...
2015-05-03 16:22:36.584 INFO  LR_THREAD WiringPiMotorControl:49 -           low level move [null] [right]SIMULATED...
2015-05-03 16:22:36.584 INFO  LR_THREAD WiringPiMotorControl:69 -           gpio write 3 1 SIMULATED
2015-05-03 16:22:36.584 INFO  LR_THREAD WiringPiMotorControl:71 -           ...end low level move
2015-05-03 16:22:36.678 INFO  main WheelChairMotorControl:130 - ......................lrState/processing
2015-05-03 16:22:36.683 INFO  FWD_THREAD WheelChairMotorControl:158 -      turning on for [100]ms...
2015-05-03 16:22:36.683 INFO  FWD_THREAD WiringPiMotorControl:49 -           low level move [backward] [null]SIMULATED...
2015-05-03 16:22:36.683 INFO  FWD_THREAD WiringPiMotorControl:69 -           gpio write 0 1 SIMULATED
2015-05-03 16:22:36.683 INFO  FWD_THREAD WiringPiMotorControl:71 -           ...end low level move
2015-05-03 16:22:36.685 INFO  LR_THREAD WheelChairMotorControl:158 -      turning on for [100]ms...
2015-05-03 16:22:36.685 INFO  LR_THREAD WiringPiMotorControl:49 -           low level move [null] [right]SIMULATED...
2015-05-03 16:22:36.685 INFO  LR_THREAD WiringPiMotorControl:69 -           gpio write 3 1 SIMULATED
2015-05-03 16:22:36.685 INFO  LR_THREAD WiringPiMotorControl:71 -           ...end low level move
2015-05-03 16:22:36.783 INFO  FWD_THREAD WheelChairMotorControl:174 -      ...end pulsing; total time sending cmd: 504 ms
2015-05-03 16:22:36.785 INFO  LR_THREAD WheelChairMotorControl:174 -      ...end pulsing; total time sending cmd: 504 ms
2015-05-03 16:22:36.878 INFO  main WiringPiMotorControl:103 -      Shutdown (brake) all pins...
2015-05-03 16:22:36.878 INFO  main WiringPiMotorControl:105 - gpio write 7 0 SIMULATED
2015-05-03 16:22:36.878 INFO  main WiringPiMotorControl:109 - stop 1430691756878 dur 0
2015-05-03 16:22:36.879 INFO  main WiringPiMotorControl:111 - gpio write 0 0 SIMULATED
2015-05-03 16:22:36.879 INFO  main WiringPiMotorControl:116 - gpio write 1 0 SIMULATED
2015-05-03 16:22:36.879 INFO  main WiringPiMotorControl:120 - gpio write 3 0 SIMULATED
2015-05-03 16:22:36.879 INFO  main WiringPiMotorControl:123 -      ...end shut down all pins
2015-05-03 16:22:36.879 INFO  main WheelChairMotorControl:139 - ...end move!
